<?xml version="1.0" encoding="UTF-8"?>
<testsuite xmlns:xsi="http://www.w3.org/2001/XMLSchema-instance" xsi:noNamespaceSchemaLocation="https://maven.apache.org/surefire/maven-surefire-plugin/xsd/surefire-test-report-3.0.xsd" version="3.0" name="com.adactin.runner.RunnerClass" time="48.71" tests="5" errors="0" skipped="0" failures="0">
  <properties>
[...]
</properties>
  <testcase name="User Login In The Web Application" classname="Adactin Application Hotel Booking" time="9.412">
    <system-err><![CDATA[SLF4J: No SLF4J providers were found.
SLF4J: Defaulting to no-operation (NOP) logger implementation
SLF4J: See https://www.slf4j.org/codes.html#noProviders for further details.
Starting ChromeDriver 118.0.5993.70 (e52f33f30b91b4ddfad649acddc39ab570473b86-refs/branch-heads/5993@{#1216}) on port 22367
Only local connections are allowed.
Please see https://chromedriver.chromium.org/security-considerations for suggestions on keeping ChromeDriver safe.
ChromeDriver was started successfully.
Nov 02, 2023 3:34:22 PM org.openqa.selenium.remote.ProtocolHandshake createSession
INFO: Detected dialect: W3C
]]></system-err>
  </testcase>
  <testcase name="User Search The Hotel" classname="Adactin Application Hotel Booking" time="2.772"/>
  <testcase name="User Select The Hotel" classname="Adactin Application Hotel Booking" time="0.622"/>
  <testcase name="User Book A Hotel" classname="Adactin Application Hotel Booking" time="2.06"/>
  <testcase name="User Logout From The Web Application" classname="Adactin Application Hotel Booking" time="5.962"/>
</testsuite>